#
# There is insufficient memory for the Java Runtime Environment to continue.
# Native memory allocation (malloc) failed to allocate 1627376 bytes for Chunk::new
# Possible reasons:
#   The system is out of physical RAM or swap space
#   The process is running with CompressedOops enabled, and the Java Heap may be blocking the growth of the native heap
# Possible solutions:
#   Reduce memory load on the system
#   Increase physical memory or swap space
#   Check if swap backing store is full
#   Decrease Java heap size (-Xmx/-Xms)
#   Decrease number of Java threads
#   Decrease Java thread stack sizes (-Xss)
#   Set larger code cache with -XX:ReservedCodeCacheSize=
#   JVM is running with Unscaled Compressed Oops mode in which the Java heap is
#     placed in the first 4GB address space. The Java Heap base address is the
#     maximum limit for the native heap growth. Please use -XX:HeapBaseMinAddress
#     to set the Java Heap base and to place the Java Heap above 4GB virtual address.
# This output file may be truncated or incomplete.
#
#  Out of Memory Error (arena.cpp:189), pid=8648, tid=3032
#
# JRE version: OpenJDK Runtime Environment JBR-17.0.7+7-1000.6-jcef (17.0.7+7) (build 17.0.7+7-b1000.6)
# Java VM: OpenJDK 64-Bit Server VM JBR-17.0.7+7-1000.6-jcef (17.0.7+7-b1000.6, mixed mode, tiered, compressed oops, compressed class ptrs, g1 gc, windows-amd64)
# No core dump will be written. Minidumps are not enabled by default on client versions of Windows
#

---------------  S U M M A R Y ------------

Command Line: -Djava.rmi.server.hostname=127.0.0.1 -Duser.timezone=UTC -Xmx2048m -Xms128m -Djna.boot.library.path=C:\Users\AHMEDHOSNY\AppData\Local\JetBrains\Toolbox\apps\IDEA-U\ch-0\232.8660.185/lib/jna/amd64 -Djna.nosys=true -Djna.noclasspath=true -Djdbc.classpath=C:\Users\AHMEDHOSNY\AppData\Local\JetBrains\Toolbox\apps\IDEA-U\ch-0\232.8660.185\plugins\DatabaseTools\lib\jdbc-console.jar;C:\Users\AHMEDHOSNY\AppData\Roaming\JetBrains\IntelliJIdea2023.2\jdbc-drivers\PostgreSQL\42.6.0\org\postgresql\postgresql\42.6.0\postgresql-42.6.0.jar;C:\Users\AHMEDHOSNY\AppData\Roaming\JetBrains\IntelliJIdea2023.2\jdbc-drivers\PostgreSQL\42.6.0\org\checkerframework\checker-qual\3.31.0\checker-qual-3.31.0.jar;C:\Users\AHMEDHOSNY\AppData\Roaming\JetBrains\IntelliJIdea2023.2\jdbc-drivers\PostgreSQL\42.6.0\com\github\waffle\waffle-jna\1.9.1\waffle-jna-1.9.1.jar;C:\Users\AHMEDHOSNY\AppData\Roaming\JetBrains\IntelliJIdea2023.2\jdbc-drivers\PostgreSQL\42.6.0\net\java\dev\jna\jna\4.5.1\jna-4.5.1.jar;C:\Users\AHMEDHOSNY\AppData\Roaming\JetBrains\IntelliJIdea2023.2\jdbc-drivers\PostgreSQL\42.6.0\net\java\dev\jna\jna-platform\4.5.1\jna-platform-4.5.1.jar;C:\Users\AHMEDHOSNY\AppData\Roaming\JetBrains\IntelliJIdea2023.2\jdbc-drivers\PostgreSQL\42.6.0\org\slf4j\jcl-over-slf4j\1.7.25\jcl-over-slf4j-1.7.25.jar;C:\Users\AHMEDHOSNY\AppData\Roaming\JetBrains\IntelliJIdea2023.2\jdbc-drivers\PostgreSQL\42.6.0\org\slf4j\slf4j-api\1.7.25\slf4j-api-1.7.25.jar;C:\Users\AHMEDHOSNY\AppData\Roaming\JetBrains\IntelliJIdea2023.2\jdbc-drivers\PostgreSQL\42.6.0\com\github\ben-manes\caffeine\caffeine\2.6.2\caffeine-2.6.2.jar --add-exports=java.desktop/sun.awt=ALL-UNNAMED --add-exports=java.desktop/java.awt.peer=ALL-UNNAMED --add-opens=java.desktop/java.awt=ALL-UNNAMED --add-opens=jdk.unsupported/sun.misc=ALL-UNNAMED --add-opens=java.base/java.nio=ALL-UNNAMED --add-opens=java.base/java.util=ALL-UNNAMED -Dfile.encoding=UTF-8 com.intellij.database.remote.RemoteJdbcServer org.postgresql.Driver

Host: Intel(R) Core(TM) i7-10750H CPU @ 2.60GHz, 12 cores, 15G,  Windows 11 , 64 bit Build 25915 (10.0.25915.1000)
Time: Sat Jul 29 11:14:39 2023 Egypt Daylight Time elapsed time: 2580.950422 seconds (0d 0h 43m 0s)

---------------  T H R E A D  ---------------

Current thread (0x0000022d4a88a890):  JavaThread "C2 CompilerThread0" daemon [_thread_in_native, id=3032, stack(0x000000d3d6400000,0x000000d3d6500000)]


Current CompileTask:
C2:2580950 2735   !   4       java.io.ObjectOutputStream::writeSerialData (223 bytes)

Stack: [0x000000d3d6400000,0x000000d3d6500000]
Native frames: (J=compiled Java code, j=interpreted, Vv=VM code, C=native code)
V  [jvm.dll+0x683bfa]
V  [jvm.dll+0x8430a4]
V  [jvm.dll+0x8449be]
V  [jvm.dll+0x845023]
V  [jvm.dll+0x24ad2f]
V  [jvm.dll+0xac25c]
V  [jvm.dll+0xac82c]
V  [jvm.dll+0x36a132]
V  [jvm.dll+0x334821]
V  [jvm.dll+0x333cca]
V  [jvm.dll+0x21d251]
V  [jvm.dll+0x21c671]
V  [jvm.dll+0x1a605d]
V  [jvm.dll+0x22c148]
V  [jvm.dll+0x22a209]
V  [jvm.dll+0x7f858c]
V  [jvm.dll+0x7f2aea]
V  [jvm.dll+0x682a35]
C  [ucrtbase.dll+0x609e1]
C  [KERNEL32.DLL+0x124d8]
C  [ntdll.dll+0x68241]


---------------  P R O C E S S  ---------------

Threads class SMR info:
_java_thread_list=0x0000022d4f3c55b0, length=22, elements={
0x0000022d2f995130, 0x0000022d4a70bc60, 0x0000022d4a710850, 0x0000022d4a885fa0,
0x0000022d4a886a60, 0x0000022d4a889330, 0x0000022d4a889bf0, 0x0000022d4a88a890,
0x0000022d4a8b1d30, 0x0000022d4a8d47f0, 0x0000022d4aa4f240, 0x0000022d4aa56bb0,
0x0000022d2f995bf0, 0x0000022d4f154190, 0x0000022d4ac06460, 0x0000022d4ac06930,
0x0000022d4f150d20, 0x0000022d4f1c0650, 0x0000022d4f1df3b0, 0x0000022d4f1e1560,
0x0000022d4f1deee0, 0x0000022d4f1e1f00
}

Java Threads: ( => current thread )
  0x0000022d2f995130 JavaThread "main" [_thread_blocked, id=17460, stack(0x000000d3d5700000,0x000000d3d5800000)]
  0x0000022d4a70bc60 JavaThread "Reference Handler" daemon [_thread_blocked, id=20084, stack(0x000000d3d5e00000,0x000000d3d5f00000)]
  0x0000022d4a710850 JavaThread "Finalizer" daemon [_thread_blocked, id=12260, stack(0x000000d3d5f00000,0x000000d3d6000000)]
  0x0000022d4a885fa0 JavaThread "Signal Dispatcher" daemon [_thread_blocked, id=19324, stack(0x000000d3d6000000,0x000000d3d6100000)]
  0x0000022d4a886a60 JavaThread "Attach Listener" daemon [_thread_blocked, id=4844, stack(0x000000d3d6100000,0x000000d3d6200000)]
  0x0000022d4a889330 JavaThread "Service Thread" daemon [_thread_blocked, id=5472, stack(0x000000d3d6200000,0x000000d3d6300000)]
  0x0000022d4a889bf0 JavaThread "Monitor Deflation Thread" daemon [_thread_blocked, id=14668, stack(0x000000d3d6300000,0x000000d3d6400000)]
=>0x0000022d4a88a890 JavaThread "C2 CompilerThread0" daemon [_thread_in_native, id=3032, stack(0x000000d3d6400000,0x000000d3d6500000)]
  0x0000022d4a8b1d30 JavaThread "C1 CompilerThread0" daemon [_thread_blocked, id=22248, stack(0x000000d3d6500000,0x000000d3d6600000)]
  0x0000022d4a8d47f0 JavaThread "Sweeper thread" daemon [_thread_blocked, id=13784, stack(0x000000d3d6600000,0x000000d3d6700000)]
  0x0000022d4aa4f240 JavaThread "Common-Cleaner" daemon [_thread_blocked, id=21728, stack(0x000000d3d6700000,0x000000d3d6800000)]
  0x0000022d4aa56bb0 JavaThread "Notification Thread" daemon [_thread_blocked, id=5496, stack(0x000000d3d6800000,0x000000d3d6900000)]
  0x0000022d2f995bf0 JavaThread "RMI TCP Accept-42552" daemon [_thread_in_native, id=20796, stack(0x000000d3d6a00000,0x000000d3d6b00000)]
  0x0000022d4f154190 JavaThread "RMI TCP Accept-0" daemon [_thread_in_native, id=12780, stack(0x000000d3d6b00000,0x000000d3d6c00000)]
  0x0000022d4ac06460 JavaThread "RMI Reaper" [_thread_blocked, id=17588, stack(0x000000d3d6c00000,0x000000d3d6d00000)]
  0x0000022d4ac06930 JavaThread "RMI GC Daemon" daemon [_thread_blocked, id=9532, stack(0x000000d3d6d00000,0x000000d3d6e00000)]
  0x0000022d4f150d20 JavaThread "RMI TCP Connection(1)-127.0.0.1" daemon [_thread_in_native, id=11164, stack(0x000000d3d6e00000,0x000000d3d6f00000)]
  0x0000022d4f1c0650 JavaThread "RMI Scheduler(0)" daemon [_thread_blocked, id=20164, stack(0x000000d3d7000000,0x000000d3d7100000)]
  0x0000022d4f1df3b0 JavaThread "RMI TCP Connection(5)-127.0.0.1" daemon [_thread_in_Java, id=4156, stack(0x000000d3d7200000,0x000000d3d7300000)]
  0x0000022d4f1e1560 JavaThread "RMI RenewClean-[127.0.0.1:54448]" daemon [_thread_blocked, id=5876, stack(0x000000d3d7300000,0x000000d3d7400000)]
  0x0000022d4f1deee0 JavaThread "PostgreSQL-JDBC-Cleaner" daemon [_thread_blocked, id=22208, stack(0x000000d3d7700000,0x000000d3d7800000)]
  0x0000022d4f1e1f00 JavaThread "RMI TCP Connection(6)-127.0.0.1" daemon [_thread_in_native, id=11472, stack(0x000000d3d5500000,0x000000d3d5600000)]

Other Threads:
  0x0000022d4a703730 VMThread "VM Thread" [stack: 0x000000d3d5d00000,0x000000d3d5e00000] [id=13272]
  0x0000022d2fa18690 WatcherThread [stack: 0x000000d3d6900000,0x000000d3d6a00000] [id=21192]
  0x0000022d2f9f1ee0 GCTaskThread "GC Thread#0" [stack: 0x000000d3d5800000,0x000000d3d5900000] [id=7956]
  0x0000022d50c7ad20 GCTaskThread "GC Thread#1" [stack: 0x000000d3d7800000,0x000000d3d7900000] [id=14232]
  0x0000022d4f2e6820 GCTaskThread "GC Thread#2" [stack: 0x000000d3d7900000,0x000000d3d7a00000] [id=20488]
  0x0000022d4f7e5ec0 GCTaskThread "GC Thread#3" [stack: 0x000000d3d7a00000,0x000000d3d7b00000] [id=16400]
  0x0000022d4ff49a60 GCTaskThread "GC Thread#4" [stack: 0x000000d3d7b00000,0x000000d3d7c00000] [id=22308]
  0x0000022d4ff49d10 GCTaskThread "GC Thread#5" [stack: 0x000000d3d7c00000,0x000000d3d7d00000] [id=5408]
  0x0000022d504073e0 GCTaskThread "GC Thread#6" [stack: 0x000000d3d7d00000,0x000000d3d7e00000] [id=19376]
  0x0000022d503ec020 GCTaskThread "GC Thread#7" [stack: 0x000000d3d7e00000,0x000000d3d7f00000] [id=20788]
  0x0000022d4fd636e0 GCTaskThread "GC Thread#8" [stack: 0x000000d3d7f00000,0x000000d3d8000000] [id=21996]
  0x0000022d50a7fcc0 GCTaskThread "GC Thread#9" [stack: 0x000000d3d8000000,0x000000d3d8100000] [id=10448]
  0x0000022d2fa03740 ConcurrentGCThread "G1 Main Marker" [stack: 0x000000d3d5900000,0x000000d3d5a00000] [id=7868]
  0x0000022d2fa056b0 ConcurrentGCThread "G1 Conc#0" [stack: 0x000000d3d5a00000,0x000000d3d5b00000] [id=21540]
  0x0000022d2fa4e5d0 ConcurrentGCThread "G1 Refine#0" [stack: 0x000000d3d5b00000,0x000000d3d5c00000] [id=18556]
  0x0000022d4f7e02c0 ConcurrentGCThread "G1 Refine#1" [stack: 0x000000d3d8100000,0x000000d3d8200000] [id=16172]
  0x0000022d50a80fa0 ConcurrentGCThread "G1 Refine#2" [stack: 0x000000d3d8200000,0x000000d3d8300000] [id=2520]
  0x0000022d4a56c520 ConcurrentGCThread "G1 Service" [stack: 0x000000d3d5c00000,0x000000d3d5d00000] [id=18632]

Threads with active compile tasks:
C2 CompilerThread0  2580975 2735   !   4       java.io.ObjectOutputStream::writeSerialData (223 bytes)

VM state: not at safepoint (normal execution)

VM Mutex/Monitor currently owned by a thread: None

Heap address: 0x0000000080000000, size: 2048 MB, Compressed Oops mode: 32-bit

CDS archive(s) not mapped
Compressed class space mapped at: 0x0000000100000000-0x0000000140000000, reserved size: 1073741824
Narrow klass base: 0x0000000000000000, Narrow klass shift: 3, Narrow klass range: 0x140000000

GC Precious Log:
 CPUs: 12 total, 12 available
 Memory: 16215M
 Large Page Support: Disabled
 NUMA Support: Disabled
 Compressed Oops: Enabled (32-bit)
 Heap Region Size: 1M
 Heap Min Capacity: 128M
 Heap Initial Capacity: 128M
 Heap Max Capacity: 2G
 Pre-touch: Disabled
 Parallel Workers: 10
 Concurrent Workers: 3
 Concurrent Refinement Workers: 10
 Periodic GC: Disabled

Heap:
 garbage-first heap   total 131072K, used 51260K [0x0000000080000000, 0x0000000100000000)
  region size 1024K, 42 young (43008K), 2 survivors (2048K)
 Metaspace       used 20391K, committed 20736K, reserved 1114112K
  class space    used 2054K, committed 2240K, reserved 1048576K

Heap Regions: E=young(eden), S=young(survivor), O=old, HS=humongous(starts), HC=humongous(continues), CS=collection set, F=free, OA=open archive, CA=closed archive, TAMS=top-at-mark-start (previous, next)
|   0|0x0000000080000000, 0x0000000080100000, 0x0000000080100000|100%|HS|  |TAMS 0x0000000080000000, 0x0000000080000000| Complete 
|   1|0x0000000080100000, 0x0000000080200000, 0x0000000080200000|100%|HC|  |TAMS 0x0000000080100000, 0x0000000080100000| Complete 
|   2|0x0000000080200000, 0x0000000080300000, 0x0000000080300000|100%|HC|  |TAMS 0x0000000080200000, 0x0000000080200000| Complete 
|   3|0x0000000080300000, 0x0000000080400000, 0x0000000080400000|100%|HS|  |TAMS 0x0000000080300000, 0x0000000080300000| Complete 
|   4|0x0000000080400000, 0x0000000080500000, 0x0000000080500000|100%| O|  |TAMS 0x0000000080400000, 0x0000000080400000| Untracked 
|   5|0x0000000080500000, 0x0000000080600000, 0x0000000080600000|100%| O|  |TAMS 0x0000000080500000, 0x0000000080500000| Untracked 
|   6|0x0000000080600000, 0x0000000080700000, 0x0000000080700000|100%| O|  |TAMS 0x0000000080600000, 0x0000000080600000| Untracked 
|   7|0x0000000080700000, 0x0000000080800000, 0x0000000080800000|100%| O|  |TAMS 0x0000000080700000, 0x0000000080700000| Untracked 
|   8|0x0000000080800000, 0x0000000080900000, 0x0000000080900000|100%| O|  |TAMS 0x0000000080800000, 0x0000000080800000| Untracked 
|   9|0x0000000080900000, 0x00000000809d2400, 0x0000000080a00000| 82%| O|  |TAMS 0x0000000080900000, 0x0000000080900000| Untracked 
|  10|0x0000000080a00000, 0x0000000080a00000, 0x0000000080b00000|  0%| F|  |TAMS 0x0000000080a00000, 0x0000000080a00000| Untracked 
|  11|0x0000000080b00000, 0x0000000080b00000, 0x0000000080c00000|  0%| F|  |TAMS 0x0000000080b00000, 0x0000000080b00000| Untracked 
|  12|0x0000000080c00000, 0x0000000080c00000, 0x0000000080d00000|  0%| F|  |TAMS 0x0000000080c00000, 0x0000000080c00000| Untracked 
|  13|0x0000000080d00000, 0x0000000080d00000, 0x0000000080e00000|  0%| F|  |TAMS 0x0000000080d00000, 0x0000000080d00000| Untracked 
|  14|0x0000000080e00000, 0x0000000080e00000, 0x0000000080f00000|  0%| F|  |TAMS 0x0000000080e00000, 0x0000000080e00000| Untracked 
|  15|0x0000000080f00000, 0x0000000080f00000, 0x0000000081000000|  0%| F|  |TAMS 0x0000000080f00000, 0x0000000080f00000| Untracked 
|  16|0x0000000081000000, 0x0000000081000000, 0x0000000081100000|  0%| F|  |TAMS 0x0000000081000000, 0x0000000081000000| Untracked 
|  17|0x0000000081100000, 0x0000000081100000, 0x0000000081200000|  0%| F|  |TAMS 0x0000000081100000, 0x0000000081100000| Untracked 
|  18|0x0000000081200000, 0x0000000081200000, 0x0000000081300000|  0%| F|  |TAMS 0x0000000081200000, 0x0000000081200000| Untracked 
|  19|0x0000000081300000, 0x0000000081300000, 0x0000000081400000|  0%| F|  |TAMS 0x0000000081300000, 0x0000000081300000| Untracked 
|  20|0x0000000081400000, 0x0000000081400000, 0x0000000081500000|  0%| F|  |TAMS 0x0000000081400000, 0x0000000081400000| Untracked 
|  21|0x0000000081500000, 0x0000000081500000, 0x0000000081600000|  0%| F|  |TAMS 0x0000000081500000, 0x0000000081500000| Untracked 
|  22|0x0000000081600000, 0x0000000081600000, 0x0000000081700000|  0%| F|  |TAMS 0x0000000081600000, 0x0000000081600000| Untracked 
|  23|0x0000000081700000, 0x0000000081700000, 0x0000000081800000|  0%| F|  |TAMS 0x0000000081700000, 0x0000000081700000| Untracked 
|  24|0x0000000081800000, 0x0000000081800000, 0x0000000081900000|  0%| F|  |TAMS 0x0000000081800000, 0x0000000081800000| Untracked 
|  25|0x0000000081900000, 0x0000000081900000, 0x0000000081a00000|  0%| F|  |TAMS 0x0000000081900000, 0x0000000081900000| Untracked 
|  26|0x0000000081a00000, 0x0000000081a00000, 0x0000000081b00000|  0%| F|  |TAMS 0x0000000081a00000, 0x0000000081a00000| Untracked 
|  27|0x0000000081b00000, 0x0000000081b00000, 0x0000000081c00000|  0%| F|  |TAMS 0x0000000081b00000, 0x0000000081b00000| Untracked 
|  28|0x0000000081c00000, 0x0000000081c00000, 0x0000000081d00000|  0%| F|  |TAMS 0x0000000081c00000, 0x0000000081c00000| Untracked 
|  29|0x0000000081d00000, 0x0000000081d00000, 0x0000000081e00000|  0%| F|  |TAMS 0x0000000081d00000, 0x0000000081d00000| Untracked 
|  30|0x0000000081e00000, 0x0000000081e00000, 0x0000000081f00000|  0%| F|  |TAMS 0x0000000081e00000, 0x0000000081e00000| Untracked 
|  31|0x0000000081f00000, 0x0000000081f00000, 0x0000000082000000|  0%| F|  |TAMS 0x0000000081f00000, 0x0000000081f00000| Untracked 
|  32|0x0000000082000000, 0x0000000082000000, 0x0000000082100000|  0%| F|  |TAMS 0x0000000082000000, 0x0000000082000000| Untracked 
|  33|0x0000000082100000, 0x0000000082100000, 0x0000000082200000|  0%| F|  |TAMS 0x0000000082100000, 0x0000000082100000| Untracked 
|  34|0x0000000082200000, 0x0000000082200000, 0x0000000082300000|  0%| F|  |TAMS 0x0000000082200000, 0x0000000082200000| Untracked 
|  35|0x0000000082300000, 0x0000000082300000, 0x0000000082400000|  0%| F|  |TAMS 0x0000000082300000, 0x0000000082300000| Untracked 
|  36|0x0000000082400000, 0x0000000082400000, 0x0000000082500000|  0%| F|  |TAMS 0x0000000082400000, 0x0000000082400000| Untracked 
|  37|0x0000000082500000, 0x0000000082500000, 0x0000000082600000|  0%| F|  |TAMS 0x0000000082500000, 0x0000000082500000| Untracked 
|  38|0x0000000082600000, 0x0000000082600000, 0x0000000082700000|  0%| F|  |TAMS 0x0000000082600000, 0x0000000082600000| Untracked 
|  39|0x0000000082700000, 0x0000000082700000, 0x0000000082800000|  0%| F|  |TAMS 0x0000000082700000, 0x0000000082700000| Untracked 
|  40|0x0000000082800000, 0x0000000082800000, 0x0000000082900000|  0%| F|  |TAMS 0x0000000082800000, 0x0000000082800000| Untracked 
|  41|0x0000000082900000, 0x0000000082900000, 0x0000000082a00000|  0%| F|  |TAMS 0x0000000082900000, 0x0000000082900000| Untracked 
|  42|0x0000000082a00000, 0x0000000082a00000, 0x0000000082b00000|  0%| F|  |TAMS 0x0000000082a00000, 0x0000000082a00000| Untracked 
|  43|0x0000000082b00000, 0x0000000082b00000, 0x0000000082c00000|  0%| F|  |TAMS 0x0000000082b00000, 0x0000000082b00000| Untracked 
|  44|0x0000000082c00000, 0x0000000082c00000, 0x0000000082d00000|  0%| F|  |TAMS 0x0000000082c00000, 0x0000000082c00000| Untracked 
|  45|0x0000000082d00000, 0x0000000082d00000, 0x0000000082e00000|  0%| F|  |TAMS 0x0000000082d00000, 0x0000000082d00000| Untracked 
|  46|0x0000000082e00000, 0x0000000082e00000, 0x0000000082f00000|  0%| F|  |TAMS 0x0000000082e00000, 0x0000000082e00000| Untracked 
|  47|0x0000000082f00000, 0x0000000082f00000, 0x0000000083000000|  0%| F|  |TAMS 0x0000000082f00000, 0x0000000082f00000| Untracked 
|  48|0x0000000083000000, 0x0000000083000000, 0x0000000083100000|  0%| F|  |TAMS 0x0000000083000000, 0x0000000083000000| Untracked 
|  49|0x0000000083100000, 0x0000000083100000, 0x0000000083200000|  0%| F|  |TAMS 0x0000000083100000, 0x0000000083100000| Untracked 
|  50|0x0000000083200000, 0x0000000083200000, 0x0000000083300000|  0%| F|  |TAMS 0x0000000083200000, 0x0000000083200000| Untracked 
|  51|0x0000000083300000, 0x0000000083300000, 0x0000000083400000|  0%| F|  |TAMS 0x0000000083300000, 0x0000000083300000| Untracked 
|  52|0x0000000083400000, 0x0000000083400000, 0x0000000083500000|  0%| F|  |TAMS 0x0000000083400000, 0x0000000083400000| Untracked 
|  53|0x0000000083500000, 0x0000000083500000, 0x0000000083600000|  0%| F|  |TAMS 0x0000000083500000, 0x0000000083500000| Untracked 
|  54|0x0000000083600000, 0x0000000083600000, 0x0000000083700000|  0%| F|  |TAMS 0x0000000083600000, 0x0000000083600000| Untracked 
|  55|0x0000000083700000, 0x0000000083700000, 0x0000000083800000|  0%| F|  |TAMS 0x0000000083700000, 0x0000000083700000| Untracked 
|  56|0x0000000083800000, 0x0000000083800000, 0x0000000083900000|  0%| F|  |TAMS 0x0000000083800000, 0x0000000083800000| Untracked 
|  57|0x0000000083900000, 0x0000000083900000, 0x0000000083a00000|  0%| F|  |TAMS 0x0000000083900000, 0x0000000083900000| Untracked 
|  58|0x0000000083a00000, 0x0000000083a00000, 0x0000000083b00000|  0%| F|  |TAMS 0x0000000083a00000, 0x0000000083a00000| Untracked 
|  59|0x0000000083b00000, 0x0000000083b00000, 0x0000000083c00000|  0%| F|  |TAMS 0x0000000083b00000, 0x0000000083b00000| Untracked 
|  60|0x0000000083c00000, 0x0000000083c00000, 0x0000000083d00000|  0%| F|  |TAMS 0x0000000083c00000, 0x0000000083c00000| Untracked 
|  61|0x0000000083d00000, 0x0000000083d00000, 0x0000000083e00000|  0%| F|  |TAMS 0x0000000083d00000, 0x0000000083d00000| Untracked 
|  62|0x0000000083e00000, 0x0000000083e00000, 0x0000000083f00000|  0%| F|  |TAMS 0x0000000083e00000, 0x0000000083e00000| Untracked 
|  63|0x0000000083f00000, 0x0000000083f00000, 0x0000000084000000|  0%| F|  |TAMS 0x0000000083f00000, 0x0000000083f00000| Untracked 
|  64|0x0000000084000000, 0x0000000084000000, 0x0000000084100000|  0%| F|  |TAMS 0x0000000084000000, 0x0000000084000000| Untracked 
|  65|0x0000000084100000, 0x0000000084100000, 0x0000000084200000|  0%| F|  |TAMS 0x0000000084100000, 0x0000000084100000| Untracked 
|  66|0x0000000084200000, 0x0000000084200000, 0x0000000084300000|  0%| F|  |TAMS 0x0000000084200000, 0x0000000084200000| Untracked 
|  67|0x0000000084300000, 0x0000000084300000, 0x0000000084400000|  0%| F|  |TAMS 0x0000000084300000, 0x0000000084300000| Untracked 
|  68|0x0000000084400000, 0x0000000084400000, 0x0000000084500000|  0%| F|  |TAMS 0x0000000084400000, 0x0000000084400000| Untracked 
|  69|0x0000000084500000, 0x0000000084500000, 0x0000000084600000|  0%| F|  |TAMS 0x0000000084500000, 0x0000000084500000| Untracked 
|  70|0x0000000084600000, 0x0000000084600000, 0x0000000084700000|  0%| F|  |TAMS 0x0000000084600000, 0x0000000084600000| Untracked 
|  71|0x0000000084700000, 0x0000000084700000, 0x0000000084800000|  0%| F|  |TAMS 0x0000000084700000, 0x0000000084700000| Untracked 
|  72|0x0000000084800000, 0x0000000084800000, 0x0000000084900000|  0%| F|  |TAMS 0x0000000084800000, 0x0000000084800000| Untracked 
|  73|0x0000000084900000, 0x0000000084900000, 0x0000000084a00000|  0%| F|  |TAMS 0x0000000084900000, 0x0000000084900000| Untracked 
|  74|0x0000000084a00000, 0x0000000084a00000, 0x0000000084b00000|  0%| F|  |TAMS 0x0000000084a00000, 0x0000000084a00000| Untracked 
|  75|0x0000000084b00000, 0x0000000084b00000, 0x0000000084c00000|  0%| F|  |TAMS 0x0000000084b00000, 0x0000000084b00000| Untracked 
|  76|0x0000000084c00000, 0x0000000084c00000, 0x0000000084d00000|  0%| F|  |TAMS 0x0000000084c00000, 0x0000000084c00000| Untracked 
|  77|0x0000000084d00000, 0x0000000084d00000, 0x0000000084e00000|  0%| F|  |TAMS 0x0000000084d00000, 0x0000000084d00000| Untracked 
|  78|0x0000000084e00000, 0x0000000084e00000, 0x0000000084f00000|  0%| F|  |TAMS 0x0000000084e00000, 0x0000000084e00000| Untracked 
|  79|0x0000000084f00000, 0x0000000084f00000, 0x0000000085000000|  0%| F|  |TAMS 0x0000000084f00000, 0x0000000084f00000| Untracked 
|  80|0x0000000085000000, 0x0000000085000000, 0x0000000085100000|  0%| F|  |TAMS 0x0000000085000000, 0x0000000085000000| Untracked 
|  81|0x0000000085100000, 0x0000000085100000, 0x0000000085200000|  0%| F|  |TAMS 0x0000000085100000, 0x0000000085100000| Untracked 
|  82|0x0000000085200000, 0x0000000085200000, 0x0000000085300000|  0%| F|  |TAMS 0x0000000085200000, 0x0000000085200000| Untracked 
|  83|0x0000000085300000, 0x0000000085300000, 0x0000000085400000|  0%| F|  |TAMS 0x0000000085300000, 0x0000000085300000| Untracked 
|  84|0x0000000085400000, 0x0000000085400000, 0x0000000085500000|  0%| F|  |TAMS 0x0000000085400000, 0x0000000085400000| Untracked 
|  85|0x0000000085500000, 0x0000000085500000, 0x0000000085600000|  0%| F|  |TAMS 0x0000000085500000, 0x0000000085500000| Untracked 
|  86|0x0000000085600000, 0x0000000085625d18, 0x0000000085700000| 14%| E|  |TAMS 0x0000000085600000, 0x0000000085600000| Complete 
|  87|0x0000000085700000, 0x0000000085800000, 0x0000000085800000|100%| E|CS|TAMS 0x0000000085700000, 0x0000000085700000| Complete 
|  88|0x0000000085800000, 0x0000000085900000, 0x0000000085900000|100%| E|CS|TAMS 0x0000000085800000, 0x0000000085800000| Complete 
|  89|0x0000000085900000, 0x0000000085a00000, 0x0000000085a00000|100%| E|CS|TAMS 0x0000000085900000, 0x0000000085900000| Complete 
|  90|0x0000000085a00000, 0x0000000085b00000, 0x0000000085b00000|100%| E|CS|TAMS 0x0000000085a00000, 0x0000000085a00000| Complete 
|  91|0x0000000085b00000, 0x0000000085c00000, 0x0000000085c00000|100%| E|CS|TAMS 0x0000000085b00000, 0x0000000085b00000| Complete 
|  92|0x0000000085c00000, 0x0000000085d00000, 0x0000000085d00000|100%| E|CS|TAMS 0x0000000085c00000, 0x0000000085c00000| Complete 
|  93|0x0000000085d00000, 0x0000000085e00000, 0x0000000085e00000|100%| E|CS|TAMS 0x0000000085d00000, 0x0000000085d00000| Complete 
|  94|0x0000000085e00000, 0x0000000085f00000, 0x0000000085f00000|100%| E|CS|TAMS 0x0000000085e00000, 0x0000000085e00000| Complete 
|  95|0x0000000085f00000, 0x0000000086000000, 0x0000000086000000|100%| E|CS|TAMS 0x0000000085f00000, 0x0000000085f00000| Complete 
|  96|0x0000000086000000, 0x0000000086100000, 0x0000000086100000|100%| E|CS|TAMS 0x0000000086000000, 0x0000000086000000| Complete 
|  97|0x0000000086100000, 0x0000000086200000, 0x0000000086200000|100%| E|CS|TAMS 0x0000000086100000, 0x0000000086100000| Complete 
|  98|0x0000000086200000, 0x0000000086300000, 0x0000000086300000|100%| E|CS|TAMS 0x0000000086200000, 0x0000000086200000| Complete 
|  99|0x0000000086300000, 0x0000000086400000, 0x0000000086400000|100%| E|CS|TAMS 0x0000000086300000, 0x0000000086300000| Complete 
| 100|0x0000000086400000, 0x0000000086500000, 0x0000000086500000|100%| E|CS|TAMS 0x0000000086400000, 0x0000000086400000| Complete 
| 101|0x0000000086500000, 0x000000008653ccd8, 0x0000000086600000| 23%| S|CS|TAMS 0x0000000086500000, 0x0000000086500000| Complete 
| 102|0x0000000086600000, 0x0000000086700000, 0x0000000086700000|100%| E|CS|TAMS 0x0000000086600000, 0x0000000086600000| Complete 
| 103|0x0000000086700000, 0x0000000086800000, 0x0000000086800000|100%| E|CS|TAMS 0x0000000086700000, 0x0000000086700000| Complete 
| 104|0x0000000086800000, 0x0000000086900000, 0x0000000086900000|100%| E|CS|TAMS 0x0000000086800000, 0x0000000086800000| Complete 
| 105|0x0000000086900000, 0x0000000086a00000, 0x0000000086a00000|100%| S|CS|TAMS 0x0000000086900000, 0x0000000086900000| Complete 
| 106|0x0000000086a00000, 0x0000000086b00000, 0x0000000086b00000|100%| E|CS|TAMS 0x0000000086a00000, 0x0000000086a00000| Complete 
| 107|0x0000000086b00000, 0x0000000086c00000, 0x0000000086c00000|100%| E|CS|TAMS 0x0000000086b00000, 0x0000000086b00000| Complete 
| 108|0x0000000086c00000, 0x0000000086d00000, 0x0000000086d00000|100%| E|CS|TAMS 0x0000000086c00000, 0x0000000086c00000| Complete 
| 109|0x0000000086d00000, 0x0000000086e00000, 0x0000000086e00000|100%| E|CS|TAMS 0x0000000086d00000, 0x0000000086d00000| Complete 
| 110|0x0000000086e00000, 0x0000000086f00000, 0x0000000086f00000|100%| E|CS|TAMS 0x0000000086e00000, 0x0000000086e00000| Complete 
| 111|0x0000000086f00000, 0x0000000087000000, 0x0000000087000000|100%| E|CS|TAMS 0x0000000086f00000, 0x0000000086f00000| Complete 
| 112|0x0000000087000000, 0x0000000087100000, 0x0000000087100000|100%| E|CS|TAMS 0x0000000087000000, 0x0000000087000000| Complete 
| 113|0x0000000087100000, 0x0000000087200000, 0x0000000087200000|100%| E|CS|TAMS 0x0000000087100000, 0x0000000087100000| Complete 
| 114|0x0000000087200000, 0x0000000087300000, 0x0000000087300000|100%| E|CS|TAMS 0x0000000087200000, 0x0000000087200000| Complete 
| 115|0x0000000087300000, 0x0000000087400000, 0x0000000087400000|100%| E|CS|TAMS 0x0000000087300000, 0x0000000087300000| Complete 
| 116|0x0000000087400000, 0x0000000087500000, 0x0000000087500000|100%| E|CS|TAMS 0x0000000087400000, 0x0000000087400000| Complete 
| 117|0x0000000087500000, 0x0000000087600000, 0x0000000087600000|100%| E|CS|TAMS 0x0000000087500000, 0x0000000087500000| Complete 
| 118|0x0000000087600000, 0x0000000087700000, 0x0000000087700000|100%| E|CS|TAMS 0x0000000087600000, 0x0000000087600000| Complete 
| 119|0x0000000087700000, 0x0000000087800000, 0x0000000087800000|100%| E|CS|TAMS 0x0000000087700000, 0x0000000087700000| Complete 
| 120|0x0000000087800000, 0x0000000087900000, 0x0000000087900000|100%| E|CS|TAMS 0x0000000087800000, 0x0000000087800000| Complete 
| 121|0x0000000087900000, 0x0000000087a00000, 0x0000000087a00000|100%| E|CS|TAMS 0x0000000087900000, 0x0000000087900000| Complete 
| 122|0x0000000087a00000, 0x0000000087b00000, 0x0000000087b00000|100%| E|CS|TAMS 0x0000000087a00000, 0x0000000087a00000| Complete 
| 123|0x0000000087b00000, 0x0000000087c00000, 0x0000000087c00000|100%| E|CS|TAMS 0x0000000087b00000, 0x0000000087b00000| Complete 
| 124|0x0000000087c00000, 0x0000000087d00000, 0x0000000087d00000|100%| E|CS|TAMS 0x0000000087c00000, 0x0000000087c00000| Complete 
| 125|0x0000000087d00000, 0x0000000087e00000, 0x0000000087e00000|100%| E|CS|TAMS 0x0000000087d00000, 0x0000000087d00000| Complete 
| 126|0x0000000087e00000, 0x0000000087f00000, 0x0000000087f00000|100%| E|CS|TAMS 0x0000000087e00000, 0x0000000087e00000| Complete 
| 127|0x0000000087f00000, 0x0000000088000000, 0x0000000088000000|100%| E|CS|TAMS 0x0000000087f00000, 0x0000000087f00000| Complete 

Card table byte_map: [0x0000022d431f0000,0x0000022d435f0000] _byte_map_base: 0x0000022d42df0000

Marking Bits (Prev, Next): (CMBitMap*) 0x0000022d2f9f22a0, (CMBitMap*) 0x0000022d2f9f22e0
 Prev Bits: [0x0000022d439f0000, 0x0000022d459f0000)
 Next Bits: [0x0000022d459f0000, 0x0000022d479f0000)

Polling page: 0x0000022d2fa50000

Metaspace:

Usage:
  Non-class:     17.91 MB used.
      Class:      2.01 MB used.
       Both:     19.91 MB used.

Virtual space:
  Non-class space:       64.00 MB reserved,      18.06 MB ( 28%) committed,  1 nodes.
      Class space:        1.00 GB reserved,       2.19 MB ( <1%) committed,  1 nodes.
             Both:        1.06 GB reserved,      20.25 MB (  2%) committed. 

Chunk freelists:
   Non-Class:  13.85 MB
       Class:  13.87 MB
        Both:  27.72 MB

MaxMetaspaceSize: unlimited
CompressedClassSpaceSize: 1.00 GB
Initial GC threshold: 21.00 MB
Current GC threshold: 21.00 MB
CDS: off
MetaspaceReclaimPolicy: balanced
 - commit_granule_bytes: 65536.
 - commit_granule_words: 8192.
 - virtual_space_node_default_size: 8388608.
 - enlarge_chunks_in_place: 1.
 - new_chunks_are_fully_committed: 0.
 - uncommit_free_chunks: 1.
 - use_allocation_guard: 0.
 - handle_deallocations: 1.


Internal statistics:

num_allocs_failed_limit: 0.
num_arena_births: 404.
num_arena_deaths: 0.
num_vsnodes_births: 2.
num_vsnodes_deaths: 0.
num_space_committed: 324.
num_space_uncommitted: 0.
num_chunks_returned_to_freelist: 0.
num_chunks_taken_from_freelist: 815.
num_chunk_merges: 0.
num_chunk_splits: 450.
num_chunks_enlarged: 185.
num_inconsistent_stats: 0.

CodeHeap 'non-profiled nmethods': size=120000Kb used=1816Kb max_used=1816Kb free=118184Kb
 bounds [0x0000022d3ac30000, 0x0000022d3aea0000, 0x0000022d42160000]
CodeHeap 'profiled nmethods': size=120000Kb used=5652Kb max_used=5652Kb free=114347Kb
 bounds [0x0000022d33160000, 0x0000022d336f0000, 0x0000022d3a690000]
CodeHeap 'non-nmethods': size=5760Kb used=1210Kb max_used=1300Kb free=4549Kb
 bounds [0x0000022d3a690000, 0x0000022d3a900000, 0x0000022d3ac30000]
 total_blobs=3263 nmethods=2753 adapters=422
 compilation: enabled
              stopped_count=0, restarted_count=0
 full_count=0

Compilation events (20 events):
Event: 2579.875 Thread 0x0000022d4a8b1d30 nmethod 2740 0x0000022d336d6e90 code [0x0000022d336d7080, 0x0000022d336d7768]
Event: 2579.884 Thread 0x0000022d4a8b1d30 2741   !   3       org.postgresql.jdbc.PgStatement::closeForNextExecution (156 bytes)
Event: 2579.886 Thread 0x0000022d4a8b1d30 nmethod 2741 0x0000022d336d7990 code [0x0000022d336d7d40, 0x0000022d336d9958]
Event: 2579.886 Thread 0x0000022d4a8b1d30 2742   !   3       jdk.internal.reflect.GeneratedMethodAccessor7::invoke (64 bytes)
Event: 2579.886 Thread 0x0000022d4a8b1d30 nmethod 2742 0x0000022d336da510 code [0x0000022d336da740, 0x0000022d336dadf8]
Event: 2579.903 Thread 0x0000022d4a8b1d30 2743       3       org.postgresql.jdbc.PgStatement::cleanupTimer (58 bytes)
Event: 2579.904 Thread 0x0000022d4a8b1d30 nmethod 2743 0x0000022d336db110 code [0x0000022d336db340, 0x0000022d336dba38]
Event: 2579.904 Thread 0x0000022d4a8b1d30 2744       3       java.util.concurrent.atomic.AtomicReferenceFieldUpdater$AtomicReferenceFieldUpdaterImpl::get (17 bytes)
Event: 2579.904 Thread 0x0000022d4a8b1d30 nmethod 2744 0x0000022d336dbc90 code [0x0000022d336dbe40, 0x0000022d336dc0c8]
Event: 2579.904 Thread 0x0000022d4a8b1d30 2745       3       com.intellij.database.remote.jdba.jdbc.JdbcIntermediateFacade::getHelper (13 bytes)
Event: 2579.904 Thread 0x0000022d4a8b1d30 nmethod 2745 0x0000022d336dc210 code [0x0000022d336dc3c0, 0x0000022d336dc548]
Event: 2579.910 Thread 0x0000022d4a8b1d30 2746   !   3       org.postgresql.core.QueryExecutorBase::getWarnings (96 bytes)
Event: 2579.911 Thread 0x0000022d4a8b1d30 nmethod 2746 0x0000022d336dc610 code [0x0000022d336dc8a0, 0x0000022d336dd768]
Event: 2579.933 Thread 0x0000022d4a8b1d30 2748       3       java.util.TreeMap::addEntry (59 bytes)
Event: 2579.933 Thread 0x0000022d4a8b1d30 nmethod 2748 0x0000022d336ddc90 code [0x0000022d336dde60, 0x0000022d336de328]
Event: 2579.949 Thread 0x0000022d4a8b1d30 2749       3       org.postgresql.core.Parser::parseSingleQuotes (134 bytes)
Event: 2579.949 Thread 0x0000022d4a8b1d30 nmethod 2749 0x0000022d336de510 code [0x0000022d336de740, 0x0000022d336df018]
Event: 2579.967 Thread 0x0000022d4a8b1d30 2750       3       java.util.Collections$SingletonList::get (41 bytes)
Event: 2579.967 Thread 0x0000022d4a8b1d30 nmethod 2750 0x0000022d336df310 code [0x0000022d336df560, 0x0000022d336dfc68]
Event: 2579.972 Thread 0x0000022d4a8b1d30 2751       3       org.postgresql.core.Parser::isArrayWhiteSpace (42 bytes)

GC Heap History (4 events):
Event: 1.178 GC heap before
{Heap before GC invocations=0 (full 0):
 garbage-first heap   total 131072K, used 26624K [0x0000000080000000, 0x0000000100000000)
  region size 1024K, 23 young (23552K), 0 survivors (0K)
 Metaspace       used 18138K, committed 18432K, reserved 1114112K
  class space    used 1898K, committed 2048K, reserved 1048576K
}
Event: 1.183 GC heap after
{Heap after GC invocations=1 (full 0):
 garbage-first heap   total 131072K, used 9944K [0x0000000080000000, 0x0000000100000000)
  region size 1024K, 3 young (3072K), 3 survivors (3072K)
 Metaspace       used 18138K, committed 18432K, reserved 1114112K
  class space    used 1898K, committed 2048K, reserved 1048576K
}
Event: 31.116 GC heap before
{Heap before GC invocations=1 (full 0):
 garbage-first heap   total 131072K, used 32472K [0x0000000080000000, 0x0000000100000000)
  region size 1024K, 25 young (25600K), 3 survivors (3072K)
 Metaspace       used 19974K, committed 20288K, reserved 1114112K
  class space    used 2041K, committed 2176K, reserved 1048576K
}
Event: 31.119 GC heap after
{Heap after GC invocations=2 (full 0):
 garbage-first heap   total 131072K, used 11324K [0x0000000080000000, 0x0000000100000000)
  region size 1024K, 2 young (2048K), 2 survivors (2048K)
 Metaspace       used 19974K, committed 20288K, reserved 1114112K
  class space    used 2041K, committed 2176K, reserved 1048576K
}

Dll operation events (1 events):
Event: 0.019 Loaded shared library C:\Users\AHMEDHOSNY\AppData\Local\JetBrains\Toolbox\apps\IDEA-U\ch-0\232.8660.185\jbr\bin\java.dll

Deoptimization events (20 events):
Event: 31.562 Thread 0x0000022d4f1e7500 Uncommon trap: trap_request=0xffffffbe fr.pc=0x0000022d3ad5758c relative=0x00000000000002ec
Event: 31.562 Thread 0x0000022d4f1e7500 Uncommon trap: reason=profile_predicate action=maybe_recompile pc=0x0000022d3ad5758c method=sun.security.provider.HashDrbg.addBytes([BI[[B)V @ 36 c2
Event: 31.562 Thread 0x0000022d4f1e7500 DEOPT PACKING pc=0x0000022d3ad5758c sp=0x000000d3d71fe270
Event: 31.562 Thread 0x0000022d4f1e7500 DEOPT UNPACKING pc=0x0000022d3a6e69a3 sp=0x000000d3d71fe1c0 mode 2
Event: 31.562 Thread 0x0000022d4f1e7500 Uncommon trap: trap_request=0xffffffbe fr.pc=0x0000022d3ad5758c relative=0x00000000000002ec
Event: 31.562 Thread 0x0000022d4f1e7500 Uncommon trap: reason=profile_predicate action=maybe_recompile pc=0x0000022d3ad5758c method=sun.security.provider.HashDrbg.addBytes([BI[[B)V @ 36 c2
Event: 31.562 Thread 0x0000022d4f1e7500 DEOPT PACKING pc=0x0000022d3ad5758c sp=0x000000d3d71fe270
Event: 31.562 Thread 0x0000022d4f1e7500 DEOPT UNPACKING pc=0x0000022d3a6e69a3 sp=0x000000d3d71fe1c0 mode 2
Event: 1261.117 Thread 0x0000022d4f1df3b0 Uncommon trap: trap_request=0xffffffcc fr.pc=0x0000022d3adb11ac relative=0x000000000000456c
Event: 1261.117 Thread 0x0000022d4f1df3b0 Uncommon trap: reason=intrinsic_or_type_checked_inlining action=make_not_entrant pc=0x0000022d3adb11ac method=java.util.ArrayList.toArray([Ljava/lang/Object;)[Ljava/lang/Object; @ 36 c2
Event: 1261.117 Thread 0x0000022d4f1df3b0 DEOPT PACKING pc=0x0000022d3adb11ac sp=0x000000d3d72fe4b0
Event: 1261.117 Thread 0x0000022d4f1df3b0 DEOPT UNPACKING pc=0x0000022d3a6e69a3 sp=0x000000d3d72fe310 mode 2
Event: 2579.306 Thread 0x0000022d4f1df3b0 Uncommon trap: trap_request=0xfffffff4 fr.pc=0x0000022d3ade1d24 relative=0x0000000000002d24
Event: 2579.306 Thread 0x0000022d4f1df3b0 Uncommon trap: reason=null_check action=make_not_entrant pc=0x0000022d3ade1d24 method=java.lang.Class.isRecord()Z @ 1 c2
Event: 2579.306 Thread 0x0000022d4f1df3b0 DEOPT PACKING pc=0x0000022d3ade1d24 sp=0x000000d3d72fe2b0
Event: 2579.306 Thread 0x0000022d4f1df3b0 DEOPT UNPACKING pc=0x0000022d3a6e69a3 sp=0x000000d3d72fe220 mode 2
Event: 2579.372 Thread 0x0000022d4f1e1f00 Uncommon trap: trap_request=0xffffff45 fr.pc=0x0000022d3ada1874 relative=0x00000000000005b4
Event: 2579.372 Thread 0x0000022d4f1e1f00 Uncommon trap: reason=unstable_if action=reinterpret pc=0x0000022d3ada1874 method=java.lang.ThreadLocal.set(Ljava/lang/Object;)V @ 11 c2
Event: 2579.372 Thread 0x0000022d4f1e1f00 DEOPT PACKING pc=0x0000022d3ada1874 sp=0x000000d3d55fefa0
Event: 2579.372 Thread 0x0000022d4f1e1f00 DEOPT UNPACKING pc=0x0000022d3a6e69a3 sp=0x000000d3d55fef80 mode 2

Classes unloaded (0 events):
No events

Classes redefined (0 events):
No events

Internal exceptions (20 events):
Event: 0.926 Thread 0x0000022d4f1df3b0 Exception <a 'java/lang/NoSuchMethodError'{0x00000000872b3a58}: 'java.lang.Object java.lang.invoke.DirectMethodHandle$Holder.invokeInterface(java.lang.Object, java.lang.Object)'> (0x00000000872b3a58) 
thrown [s\src\hotspot\share\interpreter\linkResolver.cpp, line 771]
Event: 0.926 Thread 0x0000022d4f1df3b0 Exception <a 'java/lang/IncompatibleClassChangeError'{0x00000000872b7250}: Found class java.lang.Object, but interface was expected> (0x00000000872b7250) 
thrown [s\src\hotspot\share\interpreter\linkResolver.cpp, line 838]
Event: 0.927 Thread 0x0000022d4f1df3b0 Exception <a 'java/lang/NoSuchMethodError'{0x00000000872bc960}: 'int java.lang.invoke.DirectMethodHandle$Holder.invokeStaticInit(java.lang.Object, java.lang.Object)'> (0x00000000872bc960) 
thrown [s\src\hotspot\share\interpreter\linkResolver.cpp, line 771]
Event: 1.025 Thread 0x0000022d4f1df3b0 Exception <a 'sun/nio/fs/WindowsException'{0x0000000086e64738}> (0x0000000086e64738) 
thrown [s\src\hotspot\share\prims\jni.cpp, line 517]
Event: 1.127 Thread 0x0000022d4f1df3b0 Exception <a 'java/lang/NoSuchMethodError'{0x0000000086b2a1c8}: 'java.lang.Object java.lang.invoke.DirectMethodHandle$Holder.invokeStaticInit(java.lang.Object, java.lang.Object, java.lang.Object)'> (0x0000000086b2a1c8) 
thrown [s\src\hotspot\share\interpreter\linkResolver.cpp, line 771]
Event: 1.134 Thread 0x0000022d4f1df3b0 Exception <a 'java/lang/NoSuchMethodError'{0x0000000086b83f00}: 'java.lang.Object java.lang.invoke.DirectMethodHandle$Holder.newInvokeSpecial(java.lang.Object, java.lang.Object, int)'> (0x0000000086b83f00) 
thrown [s\src\hotspot\share\interpreter\linkResolver.cpp, line 771]
Event: 1.261 Thread 0x0000022d4f1df3b0 Exception <a 'java/lang/NoSuchMethodError'{0x0000000087c08928}: static [Ljava/lang/Object;.<clinit>()V> (0x0000000087c08928) 
thrown [s\src\hotspot\share\prims\jni.cpp, line 1108]
Event: 1.301 Thread 0x0000022d4f1df3b0 Exception <a 'java/lang/NoSuchMethodError'{0x0000000087b0c028}: static Lcom/intellij/database/remote/jdba/core/ConnectionInfo;.<clinit>()V> (0x0000000087b0c028) 
thrown [s\src\hotspot\share\prims\jni.cpp, line 1108]
Event: 1.302 Thread 0x0000022d4f1df3b0 Exception <a 'java/lang/NoSuchMethodError'{0x0000000087b163e0}: static Ljava/lang/Object;.<clinit>()V> (0x0000000087b163e0) 
thrown [s\src\hotspot\share\prims\jni.cpp, line 1108]
Event: 1.302 Thread 0x0000022d4f1df3b0 Exception <a 'java/lang/NoSuchMethodError'{0x0000000087b19f30}: static [I.<clinit>()V> (0x0000000087b19f30) 
thrown [s\src\hotspot\share\prims\jni.cpp, line 1108]
Event: 1.366 Thread 0x0000022d4f1df3b0 Exception <a 'java/lang/NoSuchMethodError'{0x0000000087a34380}: static Lcom/intellij/database/remote/jdba/core/ResultLayout;.<clinit>()V> (0x0000000087a34380) 
thrown [s\src\hotspot\share\prims\jni.cpp, line 1108]
Event: 1.367 Thread 0x0000022d4f1df3b0 Exception <a 'java/lang/NoSuchMethodError'{0x0000000087a40cc8}: static Lcom/intellij/database/remote/jdba/core/RowLayout;.<clinit>()V> (0x0000000087a40cc8) 
thrown [s\src\hotspot\share\prims\jni.cpp, line 1108]
Event: 1.368 Thread 0x0000022d4f1df3b0 Exception <a 'java/lang/NoSuchMethodError'{0x0000000087a50428}: static Lcom/intellij/database/remote/jdba/util/NameAndClass;.<clinit>()V> (0x0000000087a50428) 
thrown [s\src\hotspot\share\prims\jni.cpp, line 1108]
Event: 1.527 Thread 0x0000022d4f1e7500 Implicit null exception at 0x0000022d3ac87a37 to 0x0000022d3ac882b8
Event: 1.529 Thread 0x0000022d4f1e7500 Implicit null exception at 0x0000022d3acd0fd0 to 0x0000022d3acdb4e4
Event: 2.059 Thread 0x0000022d4f1e7500 Exception <a 'java/lang/NoSuchMethodError'{0x00000000874ec4f8}: static [Ljava/lang/String;.<clinit>()V> (0x00000000874ec4f8) 
thrown [s\src\hotspot\share\prims\jni.cpp, line 1108]
Event: 31.091 Thread 0x0000022d4f1e7500 Exception <a 'java/lang/NoSuchMethodError'{0x0000000086a3f350}: static [J.<clinit>()V> (0x0000000086a3f350) 
thrown [s\src\hotspot\share\prims\jni.cpp, line 1108]
Event: 31.120 Thread 0x0000022d4f1e1560 Implicit null exception at 0x0000022d3ad0b2e0 to 0x0000022d3ad0b398
Event: 2579.306 Thread 0x0000022d4f1df3b0 Implicit null exception at 0x0000022d3addf1d2 to 0x0000022d3ade1cf0
Event: 2579.372 Thread 0x0000022d4f1e1f00 Implicit null exception at 0x0000022d3ada1305 to 0x0000022d3ada185c

VM Operations (20 events):
Event: 331.265 Executing VM operation: Cleanup done
Event: 514.354 Executing VM operation: Cleanup
Event: 514.354 Executing VM operation: Cleanup done
Event: 588.392 Executing VM operation: Cleanup
Event: 588.392 Executing VM operation: Cleanup done
Event: 721.461 Executing VM operation: Cleanup
Event: 721.461 Executing VM operation: Cleanup done
Event: 937.570 Executing VM operation: Cleanup
Event: 937.570 Executing VM operation: Cleanup done
Event: 1288.742 Executing VM operation: Cleanup
Event: 1288.742 Executing VM operation: Cleanup done
Event: 1537.869 Executing VM operation: Cleanup
Event: 1537.869 Executing VM operation: Cleanup done
Event: 2438.314 Executing VM operation: Cleanup
Event: 2438.315 Executing VM operation: Cleanup done
Event: 2487.339 Executing VM operation: Cleanup
Event: 2487.340 Executing VM operation: Cleanup done
Event: 2579.391 Executing VM operation: Cleanup
Event: 2579.391 Executing VM operation: Cleanup done
Event: 2580.391 Executing VM operation: Cleanup

Events (20 events):
Event: 90.823 loading class java/util/IdentityHashMap$KeyIterator done
Event: 90.823 Thread 0x0000022d4f19d460 Thread exited: 0x0000022d4f19d460
Event: 120.835 Thread 0x0000022d4f1e7500 Thread exited: 0x0000022d4f1e7500
Event: 2579.370 Thread 0x0000022d4f1e1f00 Thread added: 0x0000022d4f1e1f00
Event: 2579.638 Thread 0x0000022d4f1df880 Thread added: 0x0000022d4f1df880
Event: 2579.638 Thread 0x0000022d4f1dfd50 Thread added: 0x0000022d4f1dfd50
Event: 2579.638 Thread 0x0000022d4f1e06f0 Thread added: 0x0000022d4f1e06f0
Event: 2579.638 Thread 0x0000022d4f1e0220 Thread added: 0x0000022d4f1e0220
Event: 2579.638 Thread 0x0000022d4f1dfd50 Thread exited: 0x0000022d4f1dfd50
Event: 2579.638 Thread 0x0000022d4f1e23d0 Thread added: 0x0000022d4f1e23d0
Event: 2579.638 Thread 0x0000022d4f1e0bc0 Thread added: 0x0000022d4f1e0bc0
Event: 2579.639 Thread 0x0000022d4f1e28a0 Thread added: 0x0000022d4f1e28a0
Event: 2579.639 Thread 0x0000022d4f1e23d0 Thread exited: 0x0000022d4f1e23d0
Event: 2579.639 Thread 0x0000022d4f1df880 Thread exited: 0x0000022d4f1df880
Event: 2579.639 Thread 0x0000022d4f1e23d0 Thread added: 0x0000022d4f1e23d0
Event: 2579.639 Thread 0x0000022d4f1e0bc0 Thread exited: 0x0000022d4f1e0bc0
Event: 2579.639 Thread 0x0000022d4f1e0220 Thread exited: 0x0000022d4f1e0220
Event: 2579.639 Thread 0x0000022d4f1e28a0 Thread exited: 0x0000022d4f1e28a0
Event: 2579.639 Thread 0x0000022d4f1e06f0 Thread exited: 0x0000022d4f1e06f0
Event: 2579.639 Thread 0x0000022d4f1e23d0 Thread exited: 0x0000022d4f1e23d0


Dynamic libraries:
0x00007ff7f8330000 - 0x00007ff7f833a000 	C:\Users\AHMEDHOSNY\AppData\Local\JetBrains\Toolbox\apps\IDEA-U\ch-0\232.8660.185\jbr\bin\java.exe
0x00007ff905410000 - 0x00007ff90563e000 	C:\WINDOWS\SYSTEM32\ntdll.dll
0x00007ff903e80000 - 0x00007ff903f46000 	C:\WINDOWS\System32\KERNEL32.DLL
0x00007ff902ac0000 - 0x00007ff902e1a000 	C:\WINDOWS\System32\KERNELBASE.dll
0x00007ff903020000 - 0x00007ff903153000 	C:\WINDOWS\System32\ucrtbase.dll
0x00007ff8fd620000 - 0x00007ff8fd63b000 	C:\Users\AHMEDHOSNY\AppData\Local\JetBrains\Toolbox\apps\IDEA-U\ch-0\232.8660.185\jbr\bin\VCRUNTIME140.dll
0x00007ff8c86e0000 - 0x00007ff8c86f7000 	C:\Users\AHMEDHOSNY\AppData\Local\JetBrains\Toolbox\apps\IDEA-U\ch-0\232.8660.185\jbr\bin\jli.dll
0x00007ff904380000 - 0x00007ff904531000 	C:\WINDOWS\System32\USER32.dll
0x00007ff8e33c0000 - 0x00007ff8e3651000 	C:\WINDOWS\WinSxS\amd64_microsoft.windows.common-controls_6595b64144ccf1df_6.0.25915.1000_none_879502b3ab851761\COMCTL32.dll
0x00007ff903160000 - 0x00007ff903187000 	C:\WINDOWS\System32\win32u.dll
0x00007ff903f50000 - 0x00007ff903ff7000 	C:\WINDOWS\System32\msvcrt.dll
0x00007ff9035d0000 - 0x00007ff9035f9000 	C:\WINDOWS\System32\GDI32.dll
0x00007ff902840000 - 0x00007ff90295f000 	C:\WINDOWS\System32\gdi32full.dll
0x00007ff903190000 - 0x00007ff903235000 	C:\WINDOWS\System32\msvcp_win.dll
0x00007ff9045d0000 - 0x00007ff904600000 	C:\WINDOWS\System32\IMM32.DLL
0x00007ff8f3b00000 - 0x00007ff8f3b0c000 	C:\Users\AHMEDHOSNY\AppData\Local\JetBrains\Toolbox\apps\IDEA-U\ch-0\232.8660.185\jbr\bin\vcruntime140_1.dll
0x00007ff8b3920000 - 0x00007ff8b39ad000 	C:\Users\AHMEDHOSNY\AppData\Local\JetBrains\Toolbox\apps\IDEA-U\ch-0\232.8660.185\jbr\bin\msvcp140.dll
0x00007ff87acc0000 - 0x00007ff87b940000 	C:\Users\AHMEDHOSNY\AppData\Local\JetBrains\Toolbox\apps\IDEA-U\ch-0\232.8660.185\jbr\bin\server\jvm.dll
0x00007ff905310000 - 0x00007ff9053c0000 	C:\WINDOWS\System32\ADVAPI32.dll
0x00007ff903a70000 - 0x00007ff903b10000 	C:\WINDOWS\System32\sechost.dll
0x00007ff903930000 - 0x00007ff903a55000 	C:\WINDOWS\System32\RPCRT4.dll
0x00007ff8f3980000 - 0x00007ff8f3989000 	C:\WINDOWS\SYSTEM32\WSOCK32.dll
0x00007ff8fc320000 - 0x00007ff8fc32a000 	C:\WINDOWS\SYSTEM32\VERSION.dll
0x00007ff8f4a20000 - 0x00007ff8f4a54000 	C:\WINDOWS\SYSTEM32\WINMM.dll
0x00007ff903760000 - 0x00007ff9037d3000 	C:\WINDOWS\System32\WS2_32.dll
0x00007ff901730000 - 0x00007ff901748000 	C:\WINDOWS\SYSTEM32\kernel.appcore.dll
0x00007ff8e6b50000 - 0x00007ff8e6b5a000 	C:\Users\AHMEDHOSNY\AppData\Local\JetBrains\Toolbox\apps\IDEA-U\ch-0\232.8660.185\jbr\bin\jimage.dll
0x00007ff900180000 - 0x00007ff9003b5000 	C:\WINDOWS\SYSTEM32\DBGHELP.DLL
0x00007ff904000000 - 0x00007ff90437a000 	C:\WINDOWS\System32\combase.dll
0x00007ff903240000 - 0x00007ff903315000 	C:\WINDOWS\System32\OLEAUT32.dll
0x00007ff8eec00000 - 0x00007ff8eec38000 	C:\WINDOWS\SYSTEM32\dbgcore.DLL
0x00007ff902a30000 - 0x00007ff902ab1000 	C:\WINDOWS\System32\bcryptPrimitives.dll
0x00007ff8cb2e0000 - 0x00007ff8cb305000 	C:\Users\AHMEDHOSNY\AppData\Local\JetBrains\Toolbox\apps\IDEA-U\ch-0\232.8660.185\jbr\bin\java.dll
0x00007ff8cbd80000 - 0x00007ff8cbd98000 	C:\Users\AHMEDHOSNY\AppData\Local\JetBrains\Toolbox\apps\IDEA-U\ch-0\232.8660.185\jbr\bin\zip.dll
0x00007ff904ad0000 - 0x00007ff905251000 	C:\WINDOWS\System32\SHELL32.dll
0x00007ff900700000 - 0x00007ff900f52000 	C:\WINDOWS\SYSTEM32\windows.storage.dll
0x00007ff9037e0000 - 0x00007ff9038b3000 	C:\WINDOWS\System32\SHCORE.dll
0x00007ff903320000 - 0x00007ff90337c000 	C:\WINDOWS\System32\shlwapi.dll
0x00007ff902770000 - 0x00007ff902793000 	C:\WINDOWS\SYSTEM32\profapi.dll
0x00007ff8cb2c0000 - 0x00007ff8cb2d9000 	C:\Users\AHMEDHOSNY\AppData\Local\JetBrains\Toolbox\apps\IDEA-U\ch-0\232.8660.185\jbr\bin\net.dll
0x00007ff8fba40000 - 0x00007ff8fbb5b000 	C:\WINDOWS\SYSTEM32\WINHTTP.dll
0x00007ff901ba0000 - 0x00007ff901c08000 	C:\WINDOWS\system32\mswsock.dll
0x00007ff8c8700000 - 0x00007ff8c8716000 	C:\Users\AHMEDHOSNY\AppData\Local\JetBrains\Toolbox\apps\IDEA-U\ch-0\232.8660.185\jbr\bin\nio.dll
0x00007ff901160000 - 0x00007ff90118f000 	C:\WINDOWS\SYSTEM32\IPHLPAPI.DLL
0x00007ff903cd0000 - 0x00007ff903cda000 	C:\WINDOWS\System32\NSI.dll
0x00007ff8fbbc0000 - 0x00007ff8fbbd9000 	C:\WINDOWS\SYSTEM32\dhcpcsvc6.DLL
0x00007ff8fbb90000 - 0x00007ff8fbbaf000 	C:\WINDOWS\SYSTEM32\dhcpcsvc.DLL
0x00007ff9011a0000 - 0x00007ff9012af000 	C:\WINDOWS\SYSTEM32\DNSAPI.dll
0x00007ff901f60000 - 0x00007ff901f7b000 	C:\WINDOWS\SYSTEM32\CRYPTSP.dll
0x00007ff901690000 - 0x00007ff9016c7000 	C:\WINDOWS\system32\rsaenh.dll
0x00007ff901c60000 - 0x00007ff901c8a000 	C:\WINDOWS\SYSTEM32\USERENV.dll
0x00007ff9020f0000 - 0x00007ff902118000 	C:\WINDOWS\SYSTEM32\bcrypt.dll
0x00007ff901f40000 - 0x00007ff901f4c000 	C:\WINDOWS\SYSTEM32\CRYPTBASE.dll
0x00007ff8ed1b0000 - 0x00007ff8ed1b7000 	C:\Users\AHMEDHOSNY\AppData\Local\JetBrains\Toolbox\apps\IDEA-U\ch-0\232.8660.185\jbr\bin\rmi.dll
0x00007ff8fbb80000 - 0x00007ff8fbb8a000 	C:\Windows\System32\rasadhlp.dll
0x00007ff8fb210000 - 0x00007ff8fb292000 	C:\WINDOWS\System32\fwpuclnt.dll
0x00007ff8d5f20000 - 0x00007ff8d5f29000 	C:\Users\AHMEDHOSNY\AppData\Local\JetBrains\Toolbox\apps\IDEA-U\ch-0\232.8660.185\jbr\bin\management.dll
0x00007ff8d31e0000 - 0x00007ff8d31eb000 	C:\Users\AHMEDHOSNY\AppData\Local\JetBrains\Toolbox\apps\IDEA-U\ch-0\232.8660.185\jbr\bin\management_ext.dll
0x00007ff903a60000 - 0x00007ff903a68000 	C:\WINDOWS\System32\PSAPI.DLL

dbghelp: loaded successfully - version: 4.0.5 - missing functions: none
symbol engine: initialized successfully - sym options: 0x614 - pdb path: .;C:\Users\AHMEDHOSNY\AppData\Local\JetBrains\Toolbox\apps\IDEA-U\ch-0\232.8660.185\jbr\bin;C:\WINDOWS\SYSTEM32;C:\WINDOWS\WinSxS\amd64_microsoft.windows.common-controls_6595b64144ccf1df_6.0.25915.1000_none_879502b3ab851761;C:\Users\AHMEDHOSNY\AppData\Local\JetBrains\Toolbox\apps\IDEA-U\ch-0\232.8660.185\jbr\bin\server

VM Arguments:
jvm_args: -Djava.rmi.server.hostname=127.0.0.1 -Duser.timezone=UTC -Xmx2048m -Xms128m -Djna.boot.library.path=C:\Users\AHMEDHOSNY\AppData\Local\JetBrains\Toolbox\apps\IDEA-U\ch-0\232.8660.185/lib/jna/amd64 -Djna.nosys=true -Djna.noclasspath=true -Djdbc.classpath=C:\Users\AHMEDHOSNY\AppData\Local\JetBrains\Toolbox\apps\IDEA-U\ch-0\232.8660.185\plugins\DatabaseTools\lib\jdbc-console.jar;C:\Users\AHMEDHOSNY\AppData\Roaming\JetBrains\IntelliJIdea2023.2\jdbc-drivers\PostgreSQL\42.6.0\org\postgresql\postgresql\42.6.0\postgresql-42.6.0.jar;C:\Users\AHMEDHOSNY\AppData\Roaming\JetBrains\IntelliJIdea2023.2\jdbc-drivers\PostgreSQL\42.6.0\org\checkerframework\checker-qual\3.31.0\checker-qual-3.31.0.jar;C:\Users\AHMEDHOSNY\AppData\Roaming\JetBrains\IntelliJIdea2023.2\jdbc-drivers\PostgreSQL\42.6.0\com\github\waffle\waffle-jna\1.9.1\waffle-jna-1.9.1.jar;C:\Users\AHMEDHOSNY\AppData\Roaming\JetBrains\IntelliJIdea2023.2\jdbc-drivers\PostgreSQL\42.6.0\net\java\dev\jna\jna\4.5.1\jna-4.5.1.jar;C:\Users\AHMEDHOSNY\AppData\Roaming\JetBrains\IntelliJIdea2023.2\jdbc-drivers\PostgreSQL\42.6.0\net\java\dev\jna\jna-platform\4.5.1\jna-platform-4.5.1.jar;C:\Users\AHMEDHOSNY\AppData\Roaming\JetBrains\IntelliJIdea2023.2\jdbc-drivers\PostgreSQL\42.6.0\org\slf4j\jcl-over-slf4j\1.7.25\jcl-over-slf4j-1.7.25.jar;C:\Users\AHMEDHOSNY\AppData\Roaming\JetBrains\IntelliJIdea2023.2\jdbc-drivers\PostgreSQL\42.6.0\org\slf4j\slf4j-api\1.7.25\slf4j-api-1.7.25.jar;C:\Users\AHMEDHOSNY\AppData\Roaming\JetBrains\IntelliJIdea2023.2\jdbc-drivers\PostgreSQL\42.6.0\com\github\ben-manes\caffeine\caffeine\2.6.2\caffeine-2.6.2.jar --add-exports=java.desktop/sun.awt=ALL-UNNAMED --add-exports=java.desktop/java.awt.peer=ALL-UNNAMED --add-opens=java.desktop/java.awt=ALL-UNNAMED --add-opens=jdk.unsupported/sun.misc=ALL-UNNAMED --add-opens=java.base/java.nio=ALL-UNNAMED --add-opens=java.base/java.util=ALL-UNNAMED -Dfile.encoding=UTF-8 
java_command: com.intellij.database.remote.RemoteJdbcServer org.postgresql.Driver
java_class_path (initial): C:\Users\AHMEDHOSNY\AppData\Local\JetBrains\Toolbox\apps\IDEA-U\ch-0\232.8660.185\lib\util_rt.jar;C:\Users\AHMEDHOSNY\AppData\Local\JetBrains\Toolbox\apps\IDEA-U\ch-0\232.8660.185\lib\util-8.jar;C:\Users\AHMEDHOSNY\AppData\Local\JetBrains\Toolbox\apps\IDEA-U\ch-0\232.8660.185\lib\groovy.jar;C:\Users\AHMEDHOSNY\AppData\Local\JetBrains\Toolbox\apps\IDEA-U\ch-0\232.8660.185\plugins\DatabaseTools\lib\jdbc-console.jar;C:\Users\AHMEDHOSNY\AppData\Local\JetBrains\Toolbox\apps\IDEA-U\ch-0\232.8660.185\plugins\grid-core-impl\lib\jdbc-console-types.jar;C:\Users\AHMEDHOSNY\AppData\Local\JetBrains\Toolbox\apps\IDEA-U\ch-0\232.8660.185\lib\util.jar;C:\Users\AHMEDHOSNY\AppData\Local\JetBrains\Toolbox\apps\IDEA-U\ch-0\232.8660.185\lib\bouncy-castle.jar
Launcher Type: SUN_STANDARD

[Global flags]
     intx CICompilerCount                          = 4                                         {product} {ergonomic}
     uint ConcGCThreads                            = 3                                         {product} {ergonomic}
     uint G1ConcRefinementThreads                  = 10                                        {product} {ergonomic}
   size_t G1HeapRegionSize                         = 1048576                                   {product} {ergonomic}
    uintx GCDrainStackTargetSize                   = 64                                        {product} {ergonomic}
   size_t InitialHeapSize                          = 134217728                                 {product} {command line}
   size_t MarkStackSize                            = 4194304                                   {product} {ergonomic}
   size_t MaxHeapSize                              = 2147483648                                {product} {command line}
   size_t MaxNewSize                               = 1287651328                                {product} {ergonomic}
   size_t MinHeapDeltaBytes                        = 1048576                                   {product} {ergonomic}
   size_t MinHeapSize                              = 134217728                                 {product} {command line}
    uintx NonNMethodCodeHeapSize                   = 5839372                                {pd product} {ergonomic}
    uintx NonProfiledCodeHeapSize                  = 122909434                              {pd product} {ergonomic}
    uintx ProfiledCodeHeapSize                     = 122909434                              {pd product} {ergonomic}
    uintx ReservedCodeCacheSize                    = 251658240                              {pd product} {ergonomic}
     bool SegmentedCodeCache                       = true                                      {product} {ergonomic}
   size_t SoftMaxHeapSize                          = 2147483648                             {manageable} {ergonomic}
     bool UseCompressedClassPointers               = true                           {product lp64_product} {ergonomic}
     bool UseCompressedOops                        = true                           {product lp64_product} {ergonomic}
     bool UseG1GC                                  = true                                      {product} {ergonomic}
     bool UseLargePagesIndividualAllocation        = false                                  {pd product} {ergonomic}

Logging:
Log output configuration:
 #0: stdout all=warning uptime,level,tags
 #1: stderr all=off uptime,level,tags

Environment Variables:
CLASSPATH=.;C:\Program Files (x86)\QuickTime\QTSystem\QTJava.zip
PATH=C:\Program Files (x86)\VMware\VMware Workstation\bin\;C:\Python311\Scripts\;C:\Python311\;C:\Program Files\Common Files\Oracle\Java\javapath;C:\Program Files (x86)\Common Files\Oracle\Java\javapath;C:\Program Files (x86)\Common Files\Intel\Shared Libraries\redist\intel64_win\compiler;C:\Program Files (x86)\Common Files\Intel\Shared Libraries\redist\intel64\compiler;C:\Windows\system32;C:\Windows;C:\Windows\System32\Wbem;C:\Windows\System32\WindowsPowerShell\v1.0\;C:\Windows\System32\OpenSSH\;C:\Program Files (x86)\NVIDIA Corporation\PhysX\Common;C:\WINDOWS\system32;C:\WINDOWS;C:\WINDOWS\System32\Wbem;C:\WINDOWS\System32\WindowsPowerShell\v1.0\;C:\WINDOWS\System32\OpenSSH\;C:\Program Files (x86)\QuickTime\QTSystem\;C:\Program Files\dotnet\;C:\Program Files (x86)\Minimal ADB and Fastboot;C:\Program Files\Wolfram Research\WolframScript\;C:\ProgramData\chocolatey\bin;D:\8-Programming\maven\bin;C:\Users\AHMEDHOSNY\.jdks\openjdk-20\bin;C:\Users\AHMEDHOSNY\AppData\Local\Android\Sdk\tools\bin;C:\Users\AHMEDHOSNY\AppData\Local\Android\Sdk\platform-tools;C:\Users\AHMEDHOSNY\AppData\Local\Android\Sdk\emulator;C:\Users\AHMEDHOSNY\AppData\Roaming\npm\node_modules\@angular\cli\bin;C:\Users\AHMEDHOSNY\AppData\Roaming\npm;C:\Program Files\PostgreSQL\15\bin;C:\Moodle\server\php\php.exe;C:\Program Files\PuTTY\;C:\Program Files\Git\cmd;C:\Program Files\NVIDIA Corporation\NVIDIA NvDLISR;C:\Program Files\Docker\Docker\resources\bin;C:\Users\AHMEDHOSNY\AppData\Roaming\nvm;C:\Program Files\nodejs;C:\Program Files\PowerShell\7\;C:\php;C:\Users\AHMEDHOSNY\AppData\Local\Microsoft\WindowsApps;C:\Users\AHMEDHOSNY\AppData\Local\JetBrains\Toolbox\scripts;C:\Users\AHMEDHOSNY\AppData\Local\Programs\Microsoft VS Code\bin;C:\Users\AHMEDHOSNY\AppData\Local\GitHubDesktop\bin;C:\Program Files\Java\jdk-11\bin;C:\Users\AHMEDHOSNY\AppData\Local\gitkraken\bin;C:\Users\AHMEDHOSNY\AppData\Local\Microsoft\WindowsApps
USERNAME=AHMEDHOSNY
OS=Windows_NT
PROCESSOR_IDENTIFIER=Intel64 Family 6 Model 165 Stepping 2, GenuineIntel
TMP=C:\Users\AHMEDHOSNY\AppData\Local\Temp
TEMP=C:\Users\AHMEDHOSNY\AppData\Local\Temp


JNI global refs:
JNI global refs: 18, weak refs: 1

JNI global refs memory usage: 843, weak refs: 841

OOME stack traces (most recent first):
Classloader memory used:
Loader bootstrap                                                                       : 1985K
Loader jdk.internal.loader.ClassLoaders$AppClassLoader                                 : 258K
Loader com.intellij.database.remote.jdbc.impl.JdbcClassLoader$JdbcClassLoaderImpl      : 230K
Loader jdk.internal.loader.ClassLoaders$PlatformClassLoader                            : 41286B
Loader jdk.internal.reflect.DelegatingClassLoader                                      : 35607B


---------------  S Y S T E M  ---------------

OS:
 Windows 11 , 64 bit Build 25915 (10.0.25915.1000)
OS uptime: 0 days 1:21 hours
Hyper-V role detected

CPU: total 12 (initial active 12) (6 cores per cpu, 2 threads per core) family 6 model 165 stepping 2 microcode 0xea, cx8, cmov, fxsr, ht, mmx, 3dnowpref, sse, sse2, sse3, ssse3, sse4.1, sse4.2, popcnt, lzcnt, tsc, tscinvbit, avx, avx2, aes, erms, clmul, bmi1, bmi2, adx, fma, vzeroupper, clflush, clflushopt, hv

Memory: 4k page, system-wide physical 16215M (1826M free)
TotalPageFile size 28503M (AvailPageFile size 38M)
current process WorkingSet (physical memory assigned to process): 97M, peak: 165M
current process commit charge ("private bytes"): 251M, peak: 299M

vm_info: OpenJDK 64-Bit Server VM (17.0.7+7-b1000.6) for windows-amd64 JRE (17.0.7+7-b1000.6), built on 2023-07-07 by "builduser" with MS VC++ 16.10 / 16.11 (VS2019)

END.
